<?xml version="1.0" encoding="UTF-8"?>
<coverage generated="1721138914503" clover="3.2.0">
  <project timestamp="1721138914504" name="All files">
    <metrics statements="132" coveredstatements="128" conditionals="18" coveredconditionals="17" methods="14" coveredmethods="11" elements="164" coveredelements="156" complexity="0" loc="132" ncloc="132" packages="7" files="9" classes="9"/>
    <package name="components.Card">
      <metrics statements="37" coveredstatements="35" conditionals="1" coveredconditionals="1" methods="2" coveredmethods="1"/>
      <file name="Card.tsx" path="C:\Users\irina_tsoi\WORK\Study\RSSCHOOL\React-2024Q3\rsschool-react2024q3\hooks-and-routing\src\components\Card\Card.tsx">
        <metrics statements="37" coveredstatements="35" conditionals="1" coveredconditionals="1" methods="2" coveredmethods="1"/>
        <line num="1" count="1" type="stmt"/>
        <line num="3" count="1" type="stmt"/>
        <line num="4" count="1" type="stmt"/>
        <line num="6" count="1" type="cond" truecount="1" falsecount="0"/>
        <line num="7" count="24" type="stmt"/>
        <line num="8" count="24" type="stmt"/>
        <line num="10" count="24" type="stmt"/>
        <line num="11" count="0" type="stmt"/>
        <line num="12" count="0" type="stmt"/>
        <line num="14" count="24" type="stmt"/>
        <line num="15" count="24" type="stmt"/>
        <line num="16" count="24" type="stmt"/>
        <line num="17" count="24" type="stmt"/>
        <line num="18" count="24" type="stmt"/>
        <line num="19" count="24" type="stmt"/>
        <line num="21" count="24" type="stmt"/>
        <line num="22" count="24" type="stmt"/>
        <line num="23" count="24" type="stmt"/>
        <line num="24" count="24" type="stmt"/>
        <line num="25" count="24" type="stmt"/>
        <line num="26" count="24" type="stmt"/>
        <line num="27" count="24" type="stmt"/>
        <line num="28" count="24" type="stmt"/>
        <line num="29" count="24" type="stmt"/>
        <line num="30" count="24" type="stmt"/>
        <line num="31" count="24" type="stmt"/>
        <line num="32" count="24" type="stmt"/>
        <line num="33" count="24" type="stmt"/>
        <line num="34" count="24" type="stmt"/>
        <line num="35" count="24" type="stmt"/>
        <line num="36" count="24" type="stmt"/>
        <line num="37" count="24" type="stmt"/>
        <line num="38" count="24" type="stmt"/>
        <line num="39" count="24" type="stmt"/>
        <line num="40" count="24" type="stmt"/>
        <line num="42" count="24" type="stmt"/>
        <line num="44" count="1" type="stmt"/>
      </file>
    </package>
    <package name="components.Collection">
      <metrics statements="19" coveredstatements="19" conditionals="4" coveredconditionals="4" methods="1" coveredmethods="1"/>
      <file name="Collection.tsx" path="C:\Users\irina_tsoi\WORK\Study\RSSCHOOL\React-2024Q3\rsschool-react2024q3\hooks-and-routing\src\components\Collection\Collection.tsx">
        <metrics statements="19" coveredstatements="19" conditionals="4" coveredconditionals="4" methods="1" coveredmethods="1"/>
        <line num="1" count="1" type="stmt"/>
        <line num="2" count="1" type="stmt"/>
        <line num="3" count="1" type="stmt"/>
        <line num="5" count="2" type="cond" truecount="1" falsecount="0"/>
        <line num="6" count="2" type="stmt"/>
        <line num="7" count="2" type="stmt"/>
        <line num="8" count="2" type="stmt"/>
        <line num="9" count="2" type="stmt"/>
        <line num="10" count="2" type="cond" truecount="3" falsecount="0"/>
        <line num="11" count="20" type="stmt"/>
        <line num="12" count="20" type="stmt"/>
        <line num="13" count="20" type="stmt"/>
        <line num="14" count="20" type="stmt"/>
        <line num="15" count="20" type="stmt"/>
        <line num="16" count="20" type="stmt"/>
        <line num="17" count="1" type="stmt"/>
        <line num="18" count="2" type="stmt"/>
        <line num="19" count="2" type="stmt"/>
        <line num="21" count="2" type="stmt"/>
      </file>
    </package>
    <package name="components.Modal">
      <metrics statements="10" coveredstatements="10" conditionals="1" coveredconditionals="1" methods="2" coveredmethods="1"/>
      <file name="Modal.tsx" path="C:\Users\irina_tsoi\WORK\Study\RSSCHOOL\React-2024Q3\rsschool-react2024q3\hooks-and-routing\src\components\Modal\Modal.tsx">
        <metrics statements="10" coveredstatements="10" conditionals="1" coveredconditionals="1" methods="2" coveredmethods="1"/>
        <line num="1" count="1" type="stmt"/>
        <line num="2" count="1" type="stmt"/>
        <line num="4" count="1" type="cond" truecount="1" falsecount="0"/>
        <line num="5" count="1" type="stmt"/>
        <line num="6" count="1" type="stmt"/>
        <line num="7" count="1" type="stmt"/>
        <line num="8" count="1" type="stmt"/>
        <line num="10" count="1" type="stmt"/>
        <line num="11" count="1" type="stmt"/>
        <line num="13" count="1" type="stmt"/>
      </file>
    </package>
    <package name="components.Pagination">
      <metrics statements="10" coveredstatements="10" conditionals="2" coveredconditionals="2" methods="1" coveredmethods="1"/>
      <file name="Pagination.helpers.tsx" path="C:\Users\irina_tsoi\WORK\Study\RSSCHOOL\React-2024Q3\rsschool-react2024q3\hooks-and-routing\src\components\Pagination\Pagination.helpers.tsx">
        <metrics statements="10" coveredstatements="10" conditionals="2" coveredconditionals="2" methods="1" coveredmethods="1"/>
        <line num="1" count="1" type="stmt"/>
        <line num="3" count="1" type="cond" truecount="1" falsecount="0"/>
        <line num="4" count="1" type="stmt"/>
        <line num="5" count="1" type="cond" truecount="1" falsecount="0"/>
        <line num="6" count="42" type="stmt"/>
        <line num="7" count="42" type="stmt"/>
        <line num="8" count="42" type="stmt"/>
        <line num="9" count="42" type="stmt"/>
        <line num="11" count="1" type="stmt"/>
        <line num="12" count="1" type="stmt"/>
      </file>
    </package>
    <package name="features.ErrorBoundary">
      <metrics statements="21" coveredstatements="21" conditionals="5" coveredconditionals="5" methods="4" coveredmethods="4"/>
      <file name="ErrorBoundary.constants.ts" path="C:\Users\irina_tsoi\WORK\Study\RSSCHOOL\React-2024Q3\rsschool-react2024q3\hooks-and-routing\src\features\ErrorBoundary\ErrorBoundary.constants.ts">
        <metrics statements="1" coveredstatements="1" conditionals="0" coveredconditionals="0" methods="0" coveredmethods="0"/>
        <line num="1" count="1" type="stmt"/>
      </file>
      <file name="ErrorBoundary.tsx" path="C:\Users\irina_tsoi\WORK\Study\RSSCHOOL\React-2024Q3\rsschool-react2024q3\hooks-and-routing\src\features\ErrorBoundary\ErrorBoundary.tsx">
        <metrics statements="20" coveredstatements="20" conditionals="5" coveredconditionals="5" methods="4" coveredmethods="4"/>
        <line num="1" count="1" type="stmt"/>
        <line num="4" count="1" type="stmt"/>
        <line num="7" count="1" type="stmt"/>
        <line num="8" count="1" type="cond" truecount="1" falsecount="0"/>
        <line num="9" count="2" type="stmt"/>
        <line num="10" count="2" type="stmt"/>
        <line num="11" count="2" type="stmt"/>
        <line num="13" count="1" type="cond" truecount="1" falsecount="0"/>
        <line num="14" count="1" type="stmt"/>
        <line num="15" count="1" type="stmt"/>
        <line num="17" count="1" type="cond" truecount="1" falsecount="0"/>
        <line num="18" count="1" type="stmt"/>
        <line num="19" count="1" type="stmt"/>
        <line num="21" count="1" type="cond" truecount="1" falsecount="0"/>
        <line num="22" count="2" type="cond" truecount="1" falsecount="0"/>
        <line num="23" count="1" type="stmt"/>
        <line num="24" count="1" type="stmt"/>
        <line num="25" count="1" type="stmt"/>
        <line num="26" count="2" type="stmt"/>
        <line num="27" count="1" type="stmt"/>
      </file>
    </package>
    <package name="features.providers.DataContextProvider">
      <metrics statements="12" coveredstatements="12" conditionals="1" coveredconditionals="1" methods="1" coveredmethods="1"/>
      <file name="DataContextProvider.tsx" path="C:\Users\irina_tsoi\WORK\Study\RSSCHOOL\React-2024Q3\rsschool-react2024q3\hooks-and-routing\src\features\providers\DataContextProvider\DataContextProvider.tsx">
        <metrics statements="12" coveredstatements="12" conditionals="1" coveredconditionals="1" methods="1" coveredmethods="1"/>
        <line num="1" count="1" type="stmt"/>
        <line num="3" count="1" type="stmt"/>
        <line num="5" count="2" type="cond" truecount="1" falsecount="0"/>
        <line num="6" count="2" type="stmt"/>
        <line num="7" count="2" type="stmt"/>
        <line num="8" count="2" type="stmt"/>
        <line num="9" count="2" type="stmt"/>
        <line num="11" count="2" type="stmt"/>
        <line num="12" count="2" type="stmt"/>
        <line num="13" count="2" type="stmt"/>
        <line num="14" count="2" type="stmt"/>
        <line num="16" count="2" type="stmt"/>
      </file>
    </package>
    <package name="features.providers.SearchContextProvider">
      <metrics statements="23" coveredstatements="21" conditionals="4" coveredconditionals="3" methods="3" coveredmethods="2"/>
      <file name="SearchContext.ts" path="C:\Users\irina_tsoi\WORK\Study\RSSCHOOL\React-2024Q3\rsschool-react2024q3\hooks-and-routing\src\features\providers\SearchContextProvider\SearchContext.ts">
        <metrics statements="14" coveredstatements="12" conditionals="3" coveredconditionals="2" methods="2" coveredmethods="1"/>
        <line num="1" count="1" type="stmt"/>
        <line num="4" count="1" type="stmt"/>
        <line num="5" count="1" type="stmt"/>
        <line num="6" count="1" type="stmt"/>
        <line num="7" count="1" type="stmt"/>
        <line num="9" count="1" type="stmt"/>
        <line num="10" count="1" type="stmt"/>
        <line num="12" count="1" type="cond" truecount="1" falsecount="0"/>
        <line num="13" count="3" type="stmt"/>
        <line num="15" count="3" type="cond" truecount="0" falsecount="1"/>
        <line num="16" count="0" type="stmt"/>
        <line num="17" count="0" type="cond" truecount="1" falsecount="0"/>
        <line num="18" count="2" type="stmt"/>
        <line num="19" count="2" type="stmt"/>
      </file>
      <file name="SearchContextProvider.tsx" path="C:\Users\irina_tsoi\WORK\Study\RSSCHOOL\React-2024Q3\rsschool-react2024q3\hooks-and-routing\src\features\providers\SearchContextProvider\SearchContextProvider.tsx">
        <metrics statements="9" coveredstatements="9" conditionals="1" coveredconditionals="1" methods="1" coveredmethods="1"/>
        <line num="1" count="1" type="stmt"/>
        <line num="3" count="1" type="stmt"/>
        <line num="5" count="2" type="cond" truecount="1" falsecount="0"/>
        <line num="6" count="2" type="stmt"/>
        <line num="8" count="2" type="stmt"/>
        <line num="9" count="2" type="stmt"/>
        <line num="10" count="2" type="stmt"/>
        <line num="11" count="2" type="stmt"/>
        <line num="13" count="2" type="stmt"/>
      </file>
    </package>
  </project>
</coverage>
