{"C:\\Users\\irina_tsoi\\WORK\\Study\\RSSCHOOL\\React-2024Q3\\rsschool-react2024q3\\hooks-and-routing\\src\\components\\Card\\Card.tsx": {"path":"C:\\Users\\irina_tsoi\\WORK\\Study\\RSSCHOOL\\React-2024Q3\\rsschool-react2024q3\\hooks-and-routing\\src\\components\\Card\\Card.tsx","all":false,"statementMap":{"0":{"start":{"line":1,"column":0},"end":{"line":1,"column":21}},"2":{"start":{"line":3,"column":0},"end":{"line":3,"column":43}},"3":{"start":{"line":4,"column":0},"end":{"line":4,"column":90}},"5":{"start":{"line":6,"column":0},"end":{"line":6,"column":36}},"6":{"start":{"line":7,"column":0},"end":{"line":7,"column":46}},"7":{"start":{"line":8,"column":0},"end":{"line":8,"column":44}},"9":{"start":{"line":10,"column":0},"end":{"line":10,"column":32}},"10":{"start":{"line":11,"column":0},"end":{"line":11,"column":25}},"11":{"start":{"line":12,"column":0},"end":{"line":12,"column":4}},"13":{"start":{"line":14,"column":0},"end":{"line":14,"column":10}},"14":{"start":{"line":15,"column":0},"end":{"line":15,"column":13}},"15":{"start":{"line":16,"column":0},"end":{"line":16,"column":44}},"16":{"start":{"line":17,"column":0},"end":{"line":17,"column":23}},"17":{"start":{"line":18,"column":0},"end":{"line":18,"column":24}},"18":{"start":{"line":19,"column":0},"end":{"line":19,"column":24}},"20":{"start":{"line":21,"column":0},"end":{"line":21,"column":64}},"21":{"start":{"line":22,"column":0},"end":{"line":22,"column":12}},"22":{"start":{"line":23,"column":0},"end":{"line":23,"column":22}},"23":{"start":{"line":24,"column":0},"end":{"line":24,"column":31}},"24":{"start":{"line":25,"column":0},"end":{"line":25,"column":30}},"25":{"start":{"line":26,"column":0},"end":{"line":26,"column":23}},"26":{"start":{"line":27,"column":0},"end":{"line":27,"column":10}},"27":{"start":{"line":28,"column":0},"end":{"line":28,"column":12}},"28":{"start":{"line":29,"column":0},"end":{"line":29,"column":45}},"29":{"start":{"line":30,"column":0},"end":{"line":30,"column":73}},"30":{"start":{"line":31,"column":0},"end":{"line":31,"column":45}},"31":{"start":{"line":32,"column":0},"end":{"line":32,"column":17}},"32":{"start":{"line":33,"column":0},"end":{"line":33,"column":16}},"33":{"start":{"line":34,"column":0},"end":{"line":34,"column":60}},"34":{"start":{"line":35,"column":0},"end":{"line":35,"column":69}},"35":{"start":{"line":36,"column":0},"end":{"line":36,"column":17}},"36":{"start":{"line":37,"column":0},"end":{"line":37,"column":18}},"37":{"start":{"line":38,"column":0},"end":{"line":38,"column":16}},"38":{"start":{"line":39,"column":0},"end":{"line":39,"column":12}},"39":{"start":{"line":40,"column":0},"end":{"line":40,"column":14}},"41":{"start":{"line":42,"column":0},"end":{"line":42,"column":2}},"43":{"start":{"line":44,"column":0},"end":{"line":44,"column":20}}},"s":{"0":1,"2":1,"3":1,"5":1,"6":24,"7":24,"9":24,"10":0,"11":0,"13":24,"14":24,"15":24,"16":24,"17":24,"18":24,"20":24,"21":24,"22":24,"23":24,"24":24,"25":24,"26":24,"27":24,"28":24,"29":24,"30":24,"31":24,"32":24,"33":24,"34":24,"35":24,"36":24,"37":24,"38":24,"39":24,"41":24,"43":1},"branchMap":{"0":{"type":"branch","line":6,"loc":{"start":{"line":6,"column":13},"end":{"line":42,"column":2}},"locations":[{"start":{"line":6,"column":13},"end":{"line":42,"column":2}}]}},"b":{"0":[24]},"fnMap":{"0":{"name":"Card","decl":{"start":{"line":6,"column":13},"end":{"line":42,"column":2}},"loc":{"start":{"line":6,"column":13},"end":{"line":42,"column":2}},"line":6},"1":{"name":"openCard","decl":{"start":{"line":10,"column":19},"end":{"line":12,"column":4}},"loc":{"start":{"line":10,"column":19},"end":{"line":12,"column":4}},"line":10}},"f":{"0":24,"1":0}}
,"C:\\Users\\irina_tsoi\\WORK\\Study\\RSSCHOOL\\React-2024Q3\\rsschool-react2024q3\\hooks-and-routing\\src\\components\\Collection\\Collection.tsx": {"path":"C:\\Users\\irina_tsoi\\WORK\\Study\\RSSCHOOL\\React-2024Q3\\rsschool-react2024q3\\hooks-and-routing\\src\\components\\Collection\\Collection.tsx","all":false,"statementMap":{"0":{"start":{"line":1,"column":0},"end":{"line":1,"column":64}},"1":{"start":{"line":2,"column":0},"end":{"line":2,"column":32}},"2":{"start":{"line":3,"column":0},"end":{"line":3,"column":27}},"4":{"start":{"line":5,"column":0},"end":{"line":5,"column":60}},"5":{"start":{"line":6,"column":0},"end":{"line":6,"column":30}},"6":{"start":{"line":7,"column":0},"end":{"line":7,"column":10}},"7":{"start":{"line":8,"column":0},"end":{"line":8,"column":41}},"8":{"start":{"line":9,"column":0},"end":{"line":9,"column":34}},"9":{"start":{"line":10,"column":0},"end":{"line":10,"column":150}},"10":{"start":{"line":11,"column":0},"end":{"line":11,"column":15}},"11":{"start":{"line":12,"column":0},"end":{"line":12,"column":25}},"12":{"start":{"line":13,"column":0},"end":{"line":13,"column":24}},"13":{"start":{"line":14,"column":0},"end":{"line":14,"column":31}},"14":{"start":{"line":15,"column":0},"end":{"line":15,"column":28}},"15":{"start":{"line":16,"column":0},"end":{"line":16,"column":37}},"16":{"start":{"line":17,"column":0},"end":{"line":17,"column":12}},"17":{"start":{"line":18,"column":0},"end":{"line":18,"column":12}},"18":{"start":{"line":19,"column":0},"end":{"line":19,"column":14}},"20":{"start":{"line":21,"column":0},"end":{"line":21,"column":1}}},"s":{"0":1,"1":1,"2":1,"4":2,"5":2,"6":2,"7":2,"8":2,"9":2,"10":20,"11":20,"12":20,"13":20,"14":20,"15":20,"16":1,"17":2,"18":2,"20":2},"branchMap":{"0":{"type":"branch","line":5,"loc":{"start":{"line":5,"column":0},"end":{"line":21,"column":1}},"locations":[{"start":{"line":5,"column":0},"end":{"line":21,"column":1}}]},"1":{"type":"branch","line":10,"loc":{"start":{"line":10,"column":40},"end":{"line":10,"column":102}},"locations":[{"start":{"line":10,"column":40},"end":{"line":10,"column":102}}]},"2":{"type":"branch","line":10,"loc":{"start":{"line":10,"column":92},"end":{"line":17,"column":12}},"locations":[{"start":{"line":10,"column":92},"end":{"line":17,"column":12}}]},"3":{"type":"branch","line":10,"loc":{"start":{"line":10,"column":128},"end":{"line":16,"column":37}},"locations":[{"start":{"line":10,"column":128},"end":{"line":16,"column":37}}]}},"b":{"0":[2],"1":[1],"2":[1],"3":[20]},"fnMap":{"0":{"name":"Collection","decl":{"start":{"line":5,"column":0},"end":{"line":21,"column":1}},"loc":{"start":{"line":5,"column":0},"end":{"line":21,"column":1}},"line":5}},"f":{"0":2}}
,"C:\\Users\\irina_tsoi\\WORK\\Study\\RSSCHOOL\\React-2024Q3\\rsschool-react2024q3\\hooks-and-routing\\src\\components\\Modal\\Modal.tsx": {"path":"C:\\Users\\irina_tsoi\\WORK\\Study\\RSSCHOOL\\React-2024Q3\\rsschool-react2024q3\\hooks-and-routing\\src\\components\\Modal\\Modal.tsx","all":false,"statementMap":{"0":{"start":{"line":1,"column":0},"end":{"line":1,"column":22}},"1":{"start":{"line":2,"column":0},"end":{"line":2,"column":80}},"3":{"start":{"line":4,"column":0},"end":{"line":4,"column":33}},"4":{"start":{"line":5,"column":0},"end":{"line":5,"column":10}},"5":{"start":{"line":6,"column":0},"end":{"line":6,"column":9}},"6":{"start":{"line":7,"column":0},"end":{"line":7,"column":51}},"7":{"start":{"line":8,"column":0},"end":{"line":8,"column":76}},"9":{"start":{"line":10,"column":0},"end":{"line":10,"column":15}},"10":{"start":{"line":11,"column":0},"end":{"line":11,"column":10}},"12":{"start":{"line":13,"column":0},"end":{"line":13,"column":1}}},"s":{"0":1,"1":1,"3":1,"4":1,"5":1,"6":1,"7":1,"9":1,"10":1,"12":1},"branchMap":{"0":{"type":"branch","line":4,"loc":{"start":{"line":4,"column":0},"end":{"line":13,"column":1}},"locations":[{"start":{"line":4,"column":0},"end":{"line":13,"column":1}}]}},"b":{"0":[1]},"fnMap":{"0":{"name":"Modal","decl":{"start":{"line":4,"column":0},"end":{"line":13,"column":1}},"loc":{"start":{"line":4,"column":0},"end":{"line":13,"column":1}},"line":4},"1":{"name":"onClick","decl":{"start":{"line":8,"column":43},"end":{"line":8,"column":76}},"loc":{"start":{"line":8,"column":43},"end":{"line":8,"column":76}},"line":8}},"f":{"0":1,"1":0}}
,"C:\\Users\\irina_tsoi\\WORK\\Study\\RSSCHOOL\\React-2024Q3\\rsschool-react2024q3\\hooks-and-routing\\src\\components\\Pagination\\Pagination.helpers.tsx": {"path":"C:\\Users\\irina_tsoi\\WORK\\Study\\RSSCHOOL\\React-2024Q3\\rsschool-react2024q3\\hooks-and-routing\\src\\components\\Pagination\\Pagination.helpers.tsx","all":false,"statementMap":{"0":{"start":{"line":1,"column":0},"end":{"line":1,"column":38}},"2":{"start":{"line":3,"column":0},"end":{"line":3,"column":89}},"3":{"start":{"line":4,"column":0},"end":{"line":4,"column":19}},"4":{"start":{"line":5,"column":0},"end":{"line":5,"column":39}},"5":{"start":{"line":6,"column":0},"end":{"line":6,"column":15}},"6":{"start":{"line":7,"column":0},"end":{"line":7,"column":95}},"7":{"start":{"line":8,"column":0},"end":{"line":8,"column":6}},"8":{"start":{"line":9,"column":0},"end":{"line":9,"column":3}},"10":{"start":{"line":11,"column":0},"end":{"line":11,"column":15}},"11":{"start":{"line":12,"column":0},"end":{"line":12,"column":2}}},"s":{"0":1,"2":1,"3":1,"4":1,"5":42,"6":42,"7":42,"8":42,"10":1,"11":1},"branchMap":{"0":{"type":"branch","line":3,"loc":{"start":{"line":3,"column":27},"end":{"line":12,"column":2}},"locations":[{"start":{"line":3,"column":27},"end":{"line":12,"column":2}}]},"1":{"type":"branch","line":5,"loc":{"start":{"line":5,"column":38},"end":{"line":9,"column":3}},"locations":[{"start":{"line":5,"column":38},"end":{"line":9,"column":3}}]}},"b":{"0":[1],"1":[42]},"fnMap":{"0":{"name":"paginations","decl":{"start":{"line":3,"column":27},"end":{"line":12,"column":2}},"loc":{"start":{"line":3,"column":27},"end":{"line":12,"column":2}},"line":3}},"f":{"0":1}}
,"C:\\Users\\irina_tsoi\\WORK\\Study\\RSSCHOOL\\React-2024Q3\\rsschool-react2024q3\\hooks-and-routing\\src\\features\\ErrorBoundary\\ErrorBoundary.constants.ts": {"path":"C:\\Users\\irina_tsoi\\WORK\\Study\\RSSCHOOL\\React-2024Q3\\rsschool-react2024q3\\hooks-and-routing\\src\\features\\ErrorBoundary\\ErrorBoundary.constants.ts","all":false,"statementMap":{"0":{"start":{"line":1,"column":0},"end":{"line":1,"column":63}}},"s":{"0":1},"branchMap":{},"b":{},"fnMap":{},"f":{}}
,"C:\\Users\\irina_tsoi\\WORK\\Study\\RSSCHOOL\\React-2024Q3\\rsschool-react2024q3\\hooks-and-routing\\src\\features\\ErrorBoundary\\ErrorBoundary.tsx": {"path":"C:\\Users\\irina_tsoi\\WORK\\Study\\RSSCHOOL\\React-2024Q3\\rsschool-react2024q3\\hooks-and-routing\\src\\features\\ErrorBoundary\\ErrorBoundary.tsx","all":false,"statementMap":{"0":{"start":{"line":1,"column":0},"end":{"line":1,"column":56}},"3":{"start":{"line":4,"column":0},"end":{"line":4,"column":53}},"6":{"start":{"line":7,"column":0},"end":{"line":7,"column":3}},"7":{"start":{"line":8,"column":0},"end":{"line":8,"column":42}},"8":{"start":{"line":9,"column":0},"end":{"line":9,"column":17}},"9":{"start":{"line":10,"column":0},"end":{"line":10,"column":37}},"10":{"start":{"line":11,"column":0},"end":{"line":11,"column":3}},"12":{"start":{"line":13,"column":0},"end":{"line":13,"column":37}},"13":{"start":{"line":14,"column":0},"end":{"line":14,"column":30}},"14":{"start":{"line":15,"column":0},"end":{"line":15,"column":3}},"16":{"start":{"line":17,"column":0},"end":{"line":17,"column":57}},"17":{"start":{"line":18,"column":0},"end":{"line":18,"column":53}},"18":{"start":{"line":19,"column":0},"end":{"line":19,"column":3}},"20":{"start":{"line":21,"column":0},"end":{"line":21,"column":23}},"21":{"start":{"line":22,"column":0},"end":{"line":22,"column":30}},"22":{"start":{"line":23,"column":0},"end":{"line":23,"column":33}},"23":{"start":{"line":24,"column":0},"end":{"line":24,"column":5}},"24":{"start":{"line":25,"column":0},"end":{"line":25,"column":31}},"25":{"start":{"line":26,"column":0},"end":{"line":26,"column":3}},"26":{"start":{"line":27,"column":0},"end":{"line":27,"column":1}}},"s":{"0":1,"3":1,"6":1,"7":1,"8":2,"9":2,"10":2,"12":1,"13":1,"14":1,"16":1,"17":1,"18":1,"20":1,"21":2,"22":1,"23":1,"24":1,"25":2,"26":1},"branchMap":{"0":{"type":"branch","line":8,"loc":{"start":{"line":8,"column":2},"end":{"line":11,"column":3}},"locations":[{"start":{"line":8,"column":2},"end":{"line":11,"column":3}}]},"1":{"type":"branch","line":13,"loc":{"start":{"line":13,"column":9},"end":{"line":15,"column":3}},"locations":[{"start":{"line":13,"column":9},"end":{"line":15,"column":3}}]},"2":{"type":"branch","line":17,"loc":{"start":{"line":17,"column":2},"end":{"line":19,"column":3}},"locations":[{"start":{"line":17,"column":2},"end":{"line":19,"column":3}}]},"3":{"type":"branch","line":21,"loc":{"start":{"line":21,"column":2},"end":{"line":26,"column":3}},"locations":[{"start":{"line":21,"column":2},"end":{"line":26,"column":3}}]},"4":{"type":"branch","line":22,"loc":{"start":{"line":22,"column":29},"end":{"line":25,"column":31}},"locations":[{"start":{"line":22,"column":29},"end":{"line":25,"column":31}}]}},"b":{"0":[2],"1":[1],"2":[1],"3":[2],"4":[1]},"fnMap":{"0":{"name":"ErrorBoundary","decl":{"start":{"line":8,"column":2},"end":{"line":11,"column":3}},"loc":{"start":{"line":8,"column":2},"end":{"line":11,"column":3}},"line":8},"1":{"name":"getDerivedStateFromError","decl":{"start":{"line":13,"column":9},"end":{"line":15,"column":3}},"loc":{"start":{"line":13,"column":9},"end":{"line":15,"column":3}},"line":13},"2":{"name":"componentDidCatch","decl":{"start":{"line":17,"column":2},"end":{"line":19,"column":3}},"loc":{"start":{"line":17,"column":2},"end":{"line":19,"column":3}},"line":17},"3":{"name":"render","decl":{"start":{"line":21,"column":2},"end":{"line":26,"column":3}},"loc":{"start":{"line":21,"column":2},"end":{"line":26,"column":3}},"line":21}},"f":{"0":2,"1":1,"2":1,"3":2}}
,"C:\\Users\\irina_tsoi\\WORK\\Study\\RSSCHOOL\\React-2024Q3\\rsschool-react2024q3\\hooks-and-routing\\src\\features\\providers\\DataContextProvider\\DataContextProvider.tsx": {"path":"C:\\Users\\irina_tsoi\\WORK\\Study\\RSSCHOOL\\React-2024Q3\\rsschool-react2024q3\\hooks-and-routing\\src\\features\\providers\\DataContextProvider\\DataContextProvider.tsx","all":false,"statementMap":{"0":{"start":{"line":1,"column":0},"end":{"line":1,"column":33}},"2":{"start":{"line":3,"column":0},"end":{"line":3,"column":44}},"4":{"start":{"line":5,"column":0},"end":{"line":5,"column":73}},"5":{"start":{"line":6,"column":0},"end":{"line":6,"column":70}},"6":{"start":{"line":7,"column":0},"end":{"line":7,"column":14}},"7":{"start":{"line":8,"column":0},"end":{"line":8,"column":4}},"8":{"start":{"line":9,"column":0},"end":{"line":9,"column":57}},"10":{"start":{"line":11,"column":0},"end":{"line":11,"column":10}},"11":{"start":{"line":12,"column":0},"end":{"line":12,"column":82}},"12":{"start":{"line":13,"column":0},"end":{"line":13,"column":16}},"13":{"start":{"line":14,"column":0},"end":{"line":14,"column":27}},"15":{"start":{"line":16,"column":0},"end":{"line":16,"column":1}}},"s":{"0":1,"2":1,"4":2,"5":2,"6":2,"7":2,"8":2,"10":2,"11":2,"12":2,"13":2,"15":2},"branchMap":{"0":{"type":"branch","line":5,"loc":{"start":{"line":5,"column":0},"end":{"line":16,"column":1}},"locations":[{"start":{"line":5,"column":0},"end":{"line":16,"column":1}}]}},"b":{"0":[2]},"fnMap":{"0":{"name":"DataContextProvider","decl":{"start":{"line":5,"column":0},"end":{"line":16,"column":1}},"loc":{"start":{"line":5,"column":0},"end":{"line":16,"column":1}},"line":5}},"f":{"0":2}}
,"C:\\Users\\irina_tsoi\\WORK\\Study\\RSSCHOOL\\React-2024Q3\\rsschool-react2024q3\\hooks-and-routing\\src\\features\\providers\\SearchContextProvider\\SearchContext.ts": {"path":"C:\\Users\\irina_tsoi\\WORK\\Study\\RSSCHOOL\\React-2024Q3\\rsschool-react2024q3\\hooks-and-routing\\src\\features\\providers\\SearchContextProvider\\SearchContext.ts","all":false,"statementMap":{"0":{"start":{"line":1,"column":0},"end":{"line":1,"column":50}},"3":{"start":{"line":4,"column":0},"end":{"line":4,"column":22}},"4":{"start":{"line":5,"column":0},"end":{"line":5,"column":11}},"5":{"start":{"line":6,"column":0},"end":{"line":6,"column":20}},"6":{"start":{"line":7,"column":0},"end":{"line":7,"column":2}},"8":{"start":{"line":9,"column":0},"end":{"line":9,"column":28}},"9":{"start":{"line":10,"column":0},"end":{"line":10,"column":57}},"11":{"start":{"line":12,"column":0},"end":{"line":12,"column":39}},"12":{"start":{"line":13,"column":0},"end":{"line":13,"column":44}},"14":{"start":{"line":15,"column":0},"end":{"line":15,"column":17}},"15":{"start":{"line":16,"column":0},"end":{"line":16,"column":49}},"16":{"start":{"line":17,"column":0},"end":{"line":17,"column":3}},"17":{"start":{"line":18,"column":0},"end":{"line":18,"column":17}},"18":{"start":{"line":19,"column":0},"end":{"line":19,"column":2}}},"s":{"0":1,"3":1,"4":1,"5":1,"6":1,"8":1,"9":1,"11":1,"12":3,"14":3,"15":0,"16":0,"17":2,"18":2},"branchMap":{"0":{"type":"branch","line":12,"loc":{"start":{"line":12,"column":32},"end":{"line":19,"column":2}},"locations":[{"start":{"line":12,"column":32},"end":{"line":19,"column":2}}]},"1":{"type":"branch","line":15,"loc":{"start":{"line":15,"column":16},"end":{"line":17,"column":3}},"locations":[{"start":{"line":15,"column":16},"end":{"line":17,"column":3}}]},"2":{"type":"branch","line":17,"loc":{"start":{"line":17,"column":2},"end":{"line":19,"column":2}},"locations":[{"start":{"line":17,"column":2},"end":{"line":19,"column":2}}]}},"b":{"0":[3],"1":[0],"2":[2]},"fnMap":{"0":{"name":"setTerm","decl":{"start":{"line":6,"column":11},"end":{"line":6,"column":20}},"loc":{"start":{"line":6,"column":11},"end":{"line":6,"column":20}},"line":6},"1":{"name":"useSearchContext","decl":{"start":{"line":12,"column":32},"end":{"line":19,"column":2}},"loc":{"start":{"line":12,"column":32},"end":{"line":19,"column":2}},"line":12}},"f":{"0":0,"1":3}}
,"C:\\Users\\irina_tsoi\\WORK\\Study\\RSSCHOOL\\React-2024Q3\\rsschool-react2024q3\\hooks-and-routing\\src\\features\\providers\\SearchContextProvider\\SearchContextProvider.tsx": {"path":"C:\\Users\\irina_tsoi\\WORK\\Study\\RSSCHOOL\\React-2024Q3\\rsschool-react2024q3\\hooks-and-routing\\src\\features\\providers\\SearchContextProvider\\SearchContextProvider.tsx","all":false,"statementMap":{"0":{"start":{"line":1,"column":0},"end":{"line":1,"column":33}},"2":{"start":{"line":3,"column":0},"end":{"line":3,"column":48}},"4":{"start":{"line":5,"column":0},"end":{"line":5,"column":75}},"5":{"start":{"line":6,"column":0},"end":{"line":6,"column":39}},"7":{"start":{"line":8,"column":0},"end":{"line":8,"column":10}},"8":{"start":{"line":9,"column":0},"end":{"line":9,"column":54}},"9":{"start":{"line":10,"column":0},"end":{"line":10,"column":16}},"10":{"start":{"line":11,"column":0},"end":{"line":11,"column":29}},"12":{"start":{"line":13,"column":0},"end":{"line":13,"column":1}}},"s":{"0":1,"2":1,"4":2,"5":2,"7":2,"8":2,"9":2,"10":2,"12":2},"branchMap":{"0":{"type":"branch","line":5,"loc":{"start":{"line":5,"column":0},"end":{"line":13,"column":1}},"locations":[{"start":{"line":5,"column":0},"end":{"line":13,"column":1}}]}},"b":{"0":[2]},"fnMap":{"0":{"name":"SearchContextProvider","decl":{"start":{"line":5,"column":0},"end":{"line":13,"column":1}},"loc":{"start":{"line":5,"column":0},"end":{"line":13,"column":1}},"line":5}},"f":{"0":2}}
}
